<?xml version="1.0" encoding="UTF-8"?>
<testsuite name="_i5i.AISecurity.AiSecurityApplicationTests" tests="1" skipped="0" failures="0" errors="0" timestamp="2024-09-05T08:52:18" hostname="YeonHoui-MacBookPro.local" time="0.268">
  <properties/>
  <testcase name="contextLoads()" classname="_i5i.AISecurity.AiSecurityApplicationTests" time="0.268"/>
  <system-out><![CDATA[17:52:16.862 [Test worker] INFO org.springframework.test.context.support.AnnotationConfigContextLoaderUtils -- Could not detect default configuration classes for test class [_i5i.AISecurity.AiSecurityApplicationTests]: AiSecurityApplicationTests does not declare any static, non-private, non-final, nested classes annotated with @Configuration.
17:52:16.899 [Test worker] INFO org.springframework.boot.test.context.SpringBootTestContextBootstrapper -- Found @SpringBootConfiguration _i5i.AISecurity.AiSecurityApplication for test class _i5i.AISecurity.AiSecurityApplicationTests

  .   ____          _            __ _ _
 /\\ / ___'_ __ _ _(_)_ __  __ _ \ \ \ \
( ( )\___ | '_ | '_| | '_ \/ _` | \ \ \ \
 \\/  ___)| |_)| | | | | || (_| |  ) ) ) )
  '  |____| .__|_| |_|_| |_\__, | / / / /
 =========|_|==============|___/=/_/_/_/

 :: Spring Boot ::                (v3.3.3)

2024-09-05T17:52:17.038+09:00  INFO 4195 --- [    Test worker] _.AISecurity.AiSecurityApplicationTests  : Starting AiSecurityApplicationTests using Java 17.0.12 with PID 4195 (started by yeonho in /Users/yeonho/Desktop/5i5i/5i5i-Server)
2024-09-05T17:52:17.039+09:00  INFO 4195 --- [    Test worker] _.AISecurity.AiSecurityApplicationTests  : The following 1 profile is active: "local"
2024-09-05T17:52:17.282+09:00  INFO 4195 --- [    Test worker] .s.d.r.c.RepositoryConfigurationDelegate : Bootstrapping Spring Data JPA repositories in DEFAULT mode.
2024-09-05T17:52:17.290+09:00  INFO 4195 --- [    Test worker] .s.d.r.c.RepositoryConfigurationDelegate : Finished Spring Data repository scanning in 5 ms. Found 0 JPA repository interfaces.
2024-09-05T17:52:17.434+09:00  INFO 4195 --- [    Test worker] o.hibernate.jpa.internal.util.LogHelper  : HHH000204: Processing PersistenceUnitInfo [name: default]
2024-09-05T17:52:17.455+09:00  INFO 4195 --- [    Test worker] org.hibernate.Version                    : HHH000412: Hibernate ORM core version 6.5.2.Final
2024-09-05T17:52:17.466+09:00  INFO 4195 --- [    Test worker] o.h.c.internal.RegionFactoryInitiator    : HHH000026: Second-level cache disabled
2024-09-05T17:52:17.569+09:00  INFO 4195 --- [    Test worker] o.s.o.j.p.SpringPersistenceUnitInfo      : No LoadTimeWeaver setup: ignoring JPA class transformer
2024-09-05T17:52:17.578+09:00  INFO 4195 --- [    Test worker] com.zaxxer.hikari.HikariDataSource       : HikariPool-1 - Starting...
2024-09-05T17:52:17.700+09:00  INFO 4195 --- [    Test worker] com.zaxxer.hikari.pool.HikariPool        : HikariPool-1 - Added connection com.mysql.cj.jdbc.ConnectionImpl@511d5e6e
2024-09-05T17:52:17.701+09:00  INFO 4195 --- [    Test worker] com.zaxxer.hikari.HikariDataSource       : HikariPool-1 - Start completed.
2024-09-05T17:52:17.726+09:00  WARN 4195 --- [    Test worker] org.hibernate.orm.deprecation            : HHH90000025: MySQLDialect does not need to be specified explicitly using 'hibernate.dialect' (remove the property setting and it will be selected by default)
2024-09-05T17:52:17.847+09:00  INFO 4195 --- [    Test worker] o.h.e.t.j.p.i.JtaPlatformInitiator       : HHH000489: No JTA platform available (set 'hibernate.transaction.jta.platform' to enable JTA platform integration)
2024-09-05T17:52:17.849+09:00  INFO 4195 --- [    Test worker] j.LocalContainerEntityManagerFactoryBean : Initialized JPA EntityManagerFactory for persistence unit 'default'
2024-09-05T17:52:18.531+09:00  INFO 4195 --- [    Test worker] _.AISecurity.AiSecurityApplicationTests  : Started AiSecurityApplicationTests in 1.583 seconds (process running for 1.969)
]]></system-out>
  <system-err><![CDATA[]]></system-err>
</testsuite>
